STATUS | wrapper  | 2018/08/27 10:53:03 | --> Wrapper Started as Console
STATUS | wrapper  | 2018/08/27 10:53:03 | Launching a JVM...
INFO   | jvm 1    | 2018/08/27 10:53:04 | Wrapper (Version 3.2.3) http://wrapper.tanukisoftware.org
INFO   | jvm 1    | 2018/08/27 10:53:04 |   Copyright 1999-2006 Tanuki Software, Inc.  All Rights Reserved.
INFO   | jvm 1    | 2018/08/27 10:53:04 | 
INFO   | jvm 1    | 2018/08/27 10:53:04 | Java Runtime: Oracle Corporation 1.8.0_171 D:\Program Files\Java\jre1.8
INFO   | jvm 1    | 2018/08/27 10:53:04 |   Heap sizes: current=125952k  free=115917k  max=932352k
INFO   | jvm 1    | 2018/08/27 10:53:04 |     JVM args: -Dactivemq.home=../.. -Dactivemq.base=../.. -Djavax.net.ssl.keyStorePassword=password -Djavax.net.ssl.trustStorePassword=password -Djavax.net.ssl.keyStore=../../conf/broker.ks -Djavax.net.ssl.trustStore=../../conf/broker.ts -Dcom.sun.management.jmxremote -Dorg.apache.activemq.UseDedicatedTaskRunner=true -Djava.util.logging.config.file=logging.properties -Dactivemq.conf=../../conf -Dactivemq.data=../../data -Djava.security.auth.login.config=../../conf/login.config -Xmx1024m -Djava.library.path=../../bin/win64 -Dwrapper.key=Zh0NslNospcTPcWp -Dwrapper.port=32000 -Dwrapper.jvm.port.min=31000 -Dwrapper.jvm.port.max=31999 -Dwrapper.pid=1632 -Dwrapper.version=3.2.3 -Dwrapper.native_library=wrapper -Dwrapper.cpu.timeout=10 -Dwrapper.jvmid=1
INFO   | jvm 1    | 2018/08/27 10:53:04 | Extensions classpath:
INFO   | jvm 1    | 2018/08/27 10:53:04 |   [..\..\lib,..\..\lib\camel,..\..\lib\optional,..\..\lib\web,..\..\lib\extra]
INFO   | jvm 1    | 2018/08/27 10:53:04 | ACTIVEMQ_HOME: ..\..
INFO   | jvm 1    | 2018/08/27 10:53:04 | ACTIVEMQ_BASE: ..\..
INFO   | jvm 1    | 2018/08/27 10:53:04 | ACTIVEMQ_CONF: ..\..\conf
INFO   | jvm 1    | 2018/08/27 10:53:04 | ACTIVEMQ_DATA: ..\..\data
INFO   | jvm 1    | 2018/08/27 10:53:04 | Loading message broker from: xbean:activemq.xml
INFO   | jvm 1    | 2018/08/27 10:53:04 |  INFO | Refreshing org.apache.activemq.xbean.XBeanBrokerFactory$1@7e55ee2e: startup date [Mon Aug 27 10:53:04 CST 2018]; root of context hierarchy
INFO   | jvm 1    | 2018/08/27 10:53:05 |  INFO | Using Persistence Adapter: KahaDBPersistenceAdapter[D:\apache-activemq-5.15.0\bin\win64\..\..\data\kahadb]
INFO   | jvm 1    | 2018/08/27 10:53:06 |  INFO | PListStore:[D:\apache-activemq-5.15.0\bin\win64\..\..\data\localhost\tmp_storage] started
INFO   | jvm 1    | 2018/08/27 10:53:06 |  INFO | Apache ActiveMQ 5.15.0 (localhost, ID:DESKTOP-RM27V4P-52083-1535338386440-0:1) is starting
INFO   | jvm 1    | 2018/08/27 10:53:06 |  INFO | Listening for connections at: tcp://DESKTOP-RM27V4P:61616?maximumConnections=1000&wireFormat.maxFrameSize=104857600
INFO   | jvm 1    | 2018/08/27 10:53:06 |  INFO | Connector openwire started
INFO   | jvm 1    | 2018/08/27 10:53:06 |  INFO | Listening for connections at: amqp://DESKTOP-RM27V4P:5672?maximumConnections=1000&wireFormat.maxFrameSize=104857600
INFO   | jvm 1    | 2018/08/27 10:53:06 |  INFO | Connector amqp started
INFO   | jvm 1    | 2018/08/27 10:53:06 |  INFO | Listening for connections at: stomp://DESKTOP-RM27V4P:61613?maximumConnections=1000&wireFormat.maxFrameSize=104857600
INFO   | jvm 1    | 2018/08/27 10:53:06 |  INFO | Connector stomp started
INFO   | jvm 1    | 2018/08/27 10:53:06 |  INFO | Listening for connections at: mqtt://DESKTOP-RM27V4P:1883?maximumConnections=1000&wireFormat.maxFrameSize=104857600
INFO   | jvm 1    | 2018/08/27 10:53:06 |  INFO | Connector mqtt started
INFO   | jvm 1    | 2018/08/27 10:53:06 |  WARN | ServletContext@o.e.j.s.ServletContextHandler@6281a88e{/,null,STARTING} has uncovered http methods for path: /
INFO   | jvm 1    | 2018/08/27 10:53:06 |  INFO | Listening for connections at ws://DESKTOP-RM27V4P:61614?maximumConnections=1000&wireFormat.maxFrameSize=104857600
INFO   | jvm 1    | 2018/08/27 10:53:06 |  INFO | Connector ws started
INFO   | jvm 1    | 2018/08/27 10:53:06 |  INFO | Apache ActiveMQ 5.15.0 (localhost, ID:DESKTOP-RM27V4P-52083-1535338386440-0:1) started
INFO   | jvm 1    | 2018/08/27 10:53:06 |  INFO | For help or more information please see: http://activemq.apache.org
INFO   | jvm 1    | 2018/08/27 10:53:07 |  INFO | No Spring WebApplicationInitializer types detected on classpath
INFO   | jvm 1    | 2018/08/27 10:53:07 |  INFO | ActiveMQ WebConsole available at http://0.0.0.0:8161/
INFO   | jvm 1    | 2018/08/27 10:53:07 |  INFO | ActiveMQ Jolokia REST API available at http://0.0.0.0:8161/api/jolokia/
INFO   | jvm 1    | 2018/08/27 10:53:07 |  INFO | Initializing Spring FrameworkServlet 'dispatcher'
INFO   | jvm 1    | 2018/08/27 10:53:08 |  INFO | No Spring WebApplicationInitializer types detected on classpath
INFO   | jvm 1    | 2018/08/27 10:53:08 |  INFO | jolokia-agent: Using policy access restrictor classpath:/jolokia-access.xml
INFO   | jvm 1    | 2018/08/27 14:04:24 |  WARN | Transport Connection to: tcp://127.0.0.1:53148 failed: java.net.SocketException: Connection reset
STATUS | wrapper  | 2018/08/27 14:17:42 | JVM requested a restart.
INFO   | wrapper  | 2018/08/27 14:17:42 | Wrapper Process has not received any CPU time for 787 seconds.  Extending timeouts.
INFO   | jvm 1    | 2018/08/27 14:17:42 | Wrapper Manager: The Wrapper code did not ping the JVM for 58 seconds.  Quit and let the Wrapper resynch.
INFO   | jvm 1    | 2018/08/27 14:17:42 |  INFO | Apache ActiveMQ 5.15.0 (localhost, ID:DESKTOP-RM27V4P-52083-1535338386440-0:1) is shutting down
INFO   | jvm 1    | 2018/08/27 14:17:42 |  INFO | Connector openwire stopped
INFO   | jvm 1    | 2018/08/27 14:17:42 |  INFO | Connector amqp stopped
INFO   | jvm 1    | 2018/08/27 14:17:42 |  INFO | Connector stomp stopped
INFO   | jvm 1    | 2018/08/27 14:17:42 |  INFO | Connector mqtt stopped
INFO   | jvm 1    | 2018/08/27 14:17:42 |  INFO | Connector ws stopped
INFO   | jvm 1    | 2018/08/27 14:17:42 |  INFO | PListStore:[D:\apache-activemq-5.15.0\bin\win64\..\..\data\localhost\tmp_storage] stopped
INFO   | jvm 1    | 2018/08/27 14:17:42 |  INFO | Stopping async queue tasks
INFO   | jvm 1    | 2018/08/27 14:17:42 |  INFO | Stopping async topic tasks
INFO   | jvm 1    | 2018/08/27 14:17:42 |  INFO | Stopped KahaDB
INFO   | jvm 1    | 2018/08/27 14:17:42 |  INFO | Apache ActiveMQ 5.15.0 (localhost, ID:DESKTOP-RM27V4P-52083-1535338386440-0:1) uptime 3 hours 12 minutes
INFO   | jvm 1    | 2018/08/27 14:17:42 |  INFO | Apache ActiveMQ 5.15.0 (localhost, ID:DESKTOP-RM27V4P-52083-1535338386440-0:1) is shutdown
INFO   | jvm 1    | 2018/08/27 14:17:42 |  INFO | Closing org.apache.activemq.xbean.XBeanBrokerFactory$1@7e55ee2e: startup date [Mon Aug 27 10:53:04 CST 2018]; root of context hierarchy
INFO   | jvm 1    | 2018/08/27 14:17:42 |  INFO | Destroying Spring FrameworkServlet 'dispatcher'
STATUS | wrapper  | 2018/08/27 14:17:47 | Launching a JVM...
INFO   | jvm 2    | 2018/08/27 14:17:48 | Wrapper (Version 3.2.3) http://wrapper.tanukisoftware.org
INFO   | jvm 2    | 2018/08/27 14:17:48 |   Copyright 1999-2006 Tanuki Software, Inc.  All Rights Reserved.
INFO   | jvm 2    | 2018/08/27 14:17:48 | 
INFO   | jvm 2    | 2018/08/27 14:17:48 | Java Runtime: Oracle Corporation 1.8.0_171 D:\Program Files\Java\jre1.8
INFO   | jvm 2    | 2018/08/27 14:17:48 |   Heap sizes: current=125952k  free=115917k  max=932352k
INFO   | jvm 2    | 2018/08/27 14:17:48 |     JVM args: -Dactivemq.home=../.. -Dactivemq.base=../.. -Djavax.net.ssl.keyStorePassword=password -Djavax.net.ssl.trustStorePassword=password -Djavax.net.ssl.keyStore=../../conf/broker.ks -Djavax.net.ssl.trustStore=../../conf/broker.ts -Dcom.sun.management.jmxremote -Dorg.apache.activemq.UseDedicatedTaskRunner=true -Djava.util.logging.config.file=logging.properties -Dactivemq.conf=../../conf -Dactivemq.data=../../data -Djava.security.auth.login.config=../../conf/login.config -Xmx1024m -Djava.library.path=../../bin/win64 -Dwrapper.key=uBTwzRy1FAI4WFh4 -Dwrapper.port=32000 -Dwrapper.jvm.port.min=31000 -Dwrapper.jvm.port.max=31999 -Dwrapper.pid=1632 -Dwrapper.version=3.2.3 -Dwrapper.native_library=wrapper -Dwrapper.cpu.timeout=10 -Dwrapper.jvmid=2
INFO   | jvm 2    | 2018/08/27 14:17:48 | Extensions classpath:
INFO   | jvm 2    | 2018/08/27 14:17:48 |   [..\..\lib,..\..\lib\camel,..\..\lib\optional,..\..\lib\web,..\..\lib\extra]
INFO   | jvm 2    | 2018/08/27 14:17:48 | ACTIVEMQ_HOME: ..\..
INFO   | jvm 2    | 2018/08/27 14:17:48 | ACTIVEMQ_BASE: ..\..
INFO   | jvm 2    | 2018/08/27 14:17:48 | ACTIVEMQ_CONF: ..\..\conf
INFO   | jvm 2    | 2018/08/27 14:17:48 | ACTIVEMQ_DATA: ..\..\data
INFO   | jvm 2    | 2018/08/27 14:17:48 | Loading message broker from: xbean:activemq.xml
INFO   | jvm 2    | 2018/08/27 14:17:48 |  INFO | Refreshing org.apache.activemq.xbean.XBeanBrokerFactory$1@7b36eab3: startup date [Mon Aug 27 14:17:48 CST 2018]; root of context hierarchy
INFO   | jvm 2    | 2018/08/27 14:17:48 |  INFO | Using Persistence Adapter: KahaDBPersistenceAdapter[D:\apache-activemq-5.15.0\bin\win64\..\..\data\kahadb]
INFO   | jvm 2    | 2018/08/27 14:17:49 |  INFO | KahaDB is version 6
INFO   | jvm 2    | 2018/08/27 14:17:49 |  INFO | Recovering from the journal @1:74715
INFO   | jvm 2    | 2018/08/27 14:17:49 |  INFO | Recovery replayed 1666 operations from the journal in 0.062 seconds.
INFO   | jvm 2    | 2018/08/27 14:17:49 |  INFO | PListStore:[D:\apache-activemq-5.15.0\bin\win64\..\..\data\localhost\tmp_storage] started
INFO   | jvm 2    | 2018/08/27 14:17:49 |  INFO | Apache ActiveMQ 5.15.0 (localhost, ID:DESKTOP-RM27V4P-56537-1535350669221-0:1) is starting
INFO   | jvm 2    | 2018/08/27 14:17:49 |  INFO | Listening for connections at: tcp://DESKTOP-RM27V4P:61616?maximumConnections=1000&wireFormat.maxFrameSize=104857600
INFO   | jvm 2    | 2018/08/27 14:17:49 |  INFO | Connector openwire started
INFO   | jvm 2    | 2018/08/27 14:17:49 |  INFO | Listening for connections at: amqp://DESKTOP-RM27V4P:5672?maximumConnections=1000&wireFormat.maxFrameSize=104857600
INFO   | jvm 2    | 2018/08/27 14:17:49 |  INFO | Connector amqp started
INFO   | jvm 2    | 2018/08/27 14:17:49 |  INFO | Listening for connections at: stomp://DESKTOP-RM27V4P:61613?maximumConnections=1000&wireFormat.maxFrameSize=104857600
INFO   | jvm 2    | 2018/08/27 14:17:49 |  INFO | Connector stomp started
INFO   | jvm 2    | 2018/08/27 14:17:49 |  INFO | Listening for connections at: mqtt://DESKTOP-RM27V4P:1883?maximumConnections=1000&wireFormat.maxFrameSize=104857600
INFO   | jvm 2    | 2018/08/27 14:17:49 |  INFO | Connector mqtt started
INFO   | jvm 2    | 2018/08/27 14:17:49 |  WARN | ServletContext@o.e.j.s.ServletContextHandler@accd00d{/,null,STARTING} has uncovered http methods for path: /
INFO   | jvm 2    | 2018/08/27 14:17:49 |  INFO | Listening for connections at ws://DESKTOP-RM27V4P:61614?maximumConnections=1000&wireFormat.maxFrameSize=104857600
INFO   | jvm 2    | 2018/08/27 14:17:49 |  INFO | Connector ws started
INFO   | jvm 2    | 2018/08/27 14:17:49 |  INFO | Apache ActiveMQ 5.15.0 (localhost, ID:DESKTOP-RM27V4P-56537-1535350669221-0:1) started
INFO   | jvm 2    | 2018/08/27 14:17:49 |  INFO | For help or more information please see: http://activemq.apache.org
INFO   | jvm 2    | 2018/08/27 14:17:50 |  INFO | No Spring WebApplicationInitializer types detected on classpath
INFO   | jvm 2    | 2018/08/27 14:17:50 |  INFO | ActiveMQ WebConsole available at http://0.0.0.0:8161/
INFO   | jvm 2    | 2018/08/27 14:17:50 |  INFO | ActiveMQ Jolokia REST API available at http://0.0.0.0:8161/api/jolokia/
INFO   | jvm 2    | 2018/08/27 14:17:50 |  INFO | Initializing Spring FrameworkServlet 'dispatcher'
INFO   | jvm 2    | 2018/08/27 14:17:50 |  INFO | No Spring WebApplicationInitializer types detected on classpath
INFO   | jvm 2    | 2018/08/27 14:17:50 |  INFO | jolokia-agent: Using policy access restrictor classpath:/jolokia-access.xml
INFO   | jvm 2    | 2018/08/27 14:53:04 |  WARN | Transport Connection to: tcp://127.0.0.1:57737 failed: java.net.SocketException: Connection reset
INFO   | jvm 2    | 2018/08/27 14:53:09 |  WARN | Transport Connection to: tcp://127.0.0.1:56563 failed: java.net.SocketException: Connection reset
INFO   | jvm 2    | 2018/08/27 14:53:12 |  WARN | Transport Connection to: tcp://127.0.0.1:56565 failed: java.net.SocketException: Connection reset
INFO   | jvm 2    | 2018/08/27 14:53:20 |  WARN | Transport Connection to: tcp://127.0.0.1:57538 failed: java.net.SocketException: Connection reset
INFO   | jvm 2    | 2018/08/27 14:53:25 |  WARN | Transport Connection to: tcp://127.0.0.1:57789 failed: java.net.SocketException: Connection reset
INFO   | jvm 2    | 2018/08/27 14:53:30 |  WARN | Transport Connection to: tcp://127.0.0.1:57821 failed: java.net.SocketException: Connection reset
INFO   | jvm 2    | 2018/08/27 16:08:54 |  WARN | Transport Connection to: tcp://127.0.0.1:65306 failed: java.net.SocketException: Connection reset
INFO   | jvm 2    | 2018/08/27 16:08:54 |  WARN | Transport Connection to: tcp://127.0.0.1:65305 failed: java.net.SocketException: Connection reset
STATUS | wrapper  | 2018/08/27 16:09:15 | CTRL-C trapped.  Shutting down.
STATUS | wrapper  | 2018/08/27 16:09:16 | CTRL-C trapped.  Forcing immediate shutdown.
ERROR  | wrapper  | 2018/08/27 16:09:16 | JVM did not exit on request, terminated
STATUS | wrapper  | 2018/08/27 16:09:16 | CTRL-C trapped.  Forcing immediate shutdown.
STATUS | wrapper  | 2018/08/27 16:09:16 | <-- Wrapper Stopped
STATUS | wrapper  | 2018/08/27 16:11:50 | --> Wrapper Started as Console
STATUS | wrapper  | 2018/08/27 16:11:51 | Launching a JVM...
INFO   | jvm 1    | 2018/08/27 16:11:51 | Wrapper (Version 3.2.3) http://wrapper.tanukisoftware.org
INFO   | jvm 1    | 2018/08/27 16:11:51 |   Copyright 1999-2006 Tanuki Software, Inc.  All Rights Reserved.
INFO   | jvm 1    | 2018/08/27 16:11:51 | 
INFO   | jvm 1    | 2018/08/27 16:11:51 | Java Runtime: Oracle Corporation 1.8.0_171 D:\Program Files\Java\jre1.8
INFO   | jvm 1    | 2018/08/27 16:11:51 |   Heap sizes: current=125952k  free=115967k  max=932352k
INFO   | jvm 1    | 2018/08/27 16:11:51 |     JVM args: -Dactivemq.home=../.. -Dactivemq.base=../.. -Djavax.net.ssl.keyStorePassword=password -Djavax.net.ssl.trustStorePassword=password -Djavax.net.ssl.keyStore=../../conf/broker.ks -Djavax.net.ssl.trustStore=../../conf/broker.ts -Dcom.sun.management.jmxremote -Dorg.apache.activemq.UseDedicatedTaskRunner=true -Djava.util.logging.config.file=logging.properties -Dactivemq.conf=../../conf -Dactivemq.data=../../data -Djava.security.auth.login.config=../../conf/login.config -Xmx1024m -Djava.library.path=../../bin/win64 -Dwrapper.key=JQG58cx5NSSp6MHN -Dwrapper.port=32000 -Dwrapper.jvm.port.min=31000 -Dwrapper.jvm.port.max=31999 -Dwrapper.pid=16724 -Dwrapper.version=3.2.3 -Dwrapper.native_library=wrapper -Dwrapper.cpu.timeout=10 -Dwrapper.jvmid=1
INFO   | jvm 1    | 2018/08/27 16:11:51 | Extensions classpath:
INFO   | jvm 1    | 2018/08/27 16:11:51 |   [..\..\lib,..\..\lib\camel,..\..\lib\optional,..\..\lib\web,..\..\lib\extra]
INFO   | jvm 1    | 2018/08/27 16:11:51 | ACTIVEMQ_HOME: ..\..
INFO   | jvm 1    | 2018/08/27 16:11:51 | ACTIVEMQ_BASE: ..\..
INFO   | jvm 1    | 2018/08/27 16:11:51 | ACTIVEMQ_CONF: ..\..\conf
INFO   | jvm 1    | 2018/08/27 16:11:51 | ACTIVEMQ_DATA: ..\..\data
INFO   | jvm 1    | 2018/08/27 16:11:52 | Loading message broker from: xbean:activemq.xml
INFO   | jvm 1    | 2018/08/27 16:11:52 |  INFO | Refreshing org.apache.activemq.xbean.XBeanBrokerFactory$1@7b36eab3: startup date [Mon Aug 27 16:11:52 CST 2018]; root of context hierarchy
INFO   | jvm 1    | 2018/08/27 16:11:52 |  INFO | Using Persistence Adapter: KahaDBPersistenceAdapter[D:\apache-activemq-5.15.0\bin\win64\..\..\data\kahadb]
INFO   | jvm 1    | 2018/08/27 16:11:52 |  INFO | KahaDB is version 6
INFO   | jvm 1    | 2018/08/27 16:11:52 |  INFO | Recovering from the journal @1:494883
INFO   | jvm 1    | 2018/08/27 16:11:53 |  INFO | Recovery replayed 1318 operations from the journal in 0.051 seconds.
INFO   | jvm 1    | 2018/08/27 16:11:53 |  INFO | PListStore:[D:\apache-activemq-5.15.0\bin\win64\..\..\data\localhost\tmp_storage] started
INFO   | jvm 1    | 2018/08/27 16:11:53 |  INFO | Apache ActiveMQ 5.15.0 (localhost, ID:DESKTOP-RM27V4P-49304-1535357512984-0:1) is starting
INFO   | jvm 1    | 2018/08/27 16:11:53 |  INFO | Listening for connections at: tcp://DESKTOP-RM27V4P:61616?maximumConnections=1000&wireFormat.maxFrameSize=104857600
INFO   | jvm 1    | 2018/08/27 16:11:53 |  INFO | Connector openwire started
INFO   | jvm 1    | 2018/08/27 16:11:53 |  INFO | Listening for connections at: amqp://DESKTOP-RM27V4P:5672?maximumConnections=1000&wireFormat.maxFrameSize=104857600
INFO   | jvm 1    | 2018/08/27 16:11:53 |  INFO | Connector amqp started
INFO   | jvm 1    | 2018/08/27 16:11:53 |  INFO | Listening for connections at: stomp://DESKTOP-RM27V4P:61613?maximumConnections=1000&wireFormat.maxFrameSize=104857600
INFO   | jvm 1    | 2018/08/27 16:11:53 |  INFO | Connector stomp started
INFO   | jvm 1    | 2018/08/27 16:11:53 |  INFO | Listening for connections at: mqtt://DESKTOP-RM27V4P:1883?maximumConnections=1000&wireFormat.maxFrameSize=104857600
INFO   | jvm 1    | 2018/08/27 16:11:53 |  INFO | Connector mqtt started
INFO   | jvm 1    | 2018/08/27 16:11:53 |  WARN | ServletContext@o.e.j.s.ServletContextHandler@3f8c130f{/,null,STARTING} has uncovered http methods for path: /
INFO   | jvm 1    | 2018/08/27 16:11:53 |  INFO | Listening for connections at ws://DESKTOP-RM27V4P:61614?maximumConnections=1000&wireFormat.maxFrameSize=104857600
INFO   | jvm 1    | 2018/08/27 16:11:53 |  INFO | Connector ws started
INFO   | jvm 1    | 2018/08/27 16:11:53 |  INFO | Apache ActiveMQ 5.15.0 (localhost, ID:DESKTOP-RM27V4P-49304-1535357512984-0:1) started
INFO   | jvm 1    | 2018/08/27 16:11:53 |  INFO | For help or more information please see: http://activemq.apache.org
INFO   | jvm 1    | 2018/08/27 16:11:53 |  INFO | No Spring WebApplicationInitializer types detected on classpath
INFO   | jvm 1    | 2018/08/27 16:11:53 |  INFO | ActiveMQ WebConsole available at http://0.0.0.0:8161/
INFO   | jvm 1    | 2018/08/27 16:11:53 |  INFO | ActiveMQ Jolokia REST API available at http://0.0.0.0:8161/api/jolokia/
INFO   | jvm 1    | 2018/08/27 16:11:53 |  INFO | Initializing Spring FrameworkServlet 'dispatcher'
INFO   | jvm 1    | 2018/08/27 16:11:54 |  INFO | No Spring WebApplicationInitializer types detected on classpath
INFO   | jvm 1    | 2018/08/27 16:11:54 |  INFO | jolokia-agent: Using policy access restrictor classpath:/jolokia-access.xml
INFO   | jvm 1    | 2018/08/27 16:13:51 |  WARN | Transport Connection to: tcp://127.0.0.1:49346 failed: java.net.SocketException: Connection reset
INFO   | jvm 1    | 2018/08/27 17:16:25 |  WARN | Transport Connection to: tcp://127.0.0.1:60900 failed: java.net.SocketException: Connection reset
INFO   | jvm 1    | 2018/08/27 17:16:28 |  WARN | Transport Connection to: tcp://127.0.0.1:60759 failed: java.net.SocketException: Connection reset
INFO   | jvm 1    | 2018/08/27 17:20:14 |  WARN | Transport Connection to: tcp://127.0.0.1:61001 failed: java.net.SocketException: Connection reset
INFO   | jvm 1    | 2018/08/27 17:31:47 |  WARN | Transport Connection to: tcp://127.0.0.1:61364 failed: java.net.SocketException: Connection reset
INFO   | jvm 1    | 2018/08/27 17:31:51 |  WARN | Transport Connection to: tcp://127.0.0.1:61346 failed: java.net.SocketException: Connection reset
INFO   | jvm 1    | 2018/08/27 17:34:06 |  WARN | Transport Connection to: tcp://127.0.0.1:62849 failed: java.net.SocketException: Connection reset
INFO   | jvm 1    | 2018/08/27 17:34:06 |  WARN | Transport Connection to: tcp://127.0.0.1:62848 failed: java.net.SocketException: Connection reset
INFO   | jvm 1    | 2018/08/27 17:43:12 |  WARN | Transport Connection to: tcp://127.0.0.1:63076 failed: java.net.SocketException: Connection reset
INFO   | jvm 1    | 2018/08/27 17:43:12 |  WARN | Transport Connection to: tcp://127.0.0.1:63075 failed: java.net.SocketException: Connection reset
INFO   | jvm 1    | 2018/08/27 18:00:35 |  WARN | Transport Connection to: tcp://127.0.0.1:49447 failed: java.net.SocketException: Connection reset
STATUS | wrapper  | 2018/08/28 09:16:53 | --> Wrapper Started as Console
STATUS | wrapper  | 2018/08/28 09:16:53 | Launching a JVM...
INFO   | jvm 1    | 2018/08/28 09:16:55 | Wrapper (Version 3.2.3) http://wrapper.tanukisoftware.org
INFO   | jvm 1    | 2018/08/28 09:16:55 |   Copyright 1999-2006 Tanuki Software, Inc.  All Rights Reserved.
INFO   | jvm 1    | 2018/08/28 09:16:55 | 
INFO   | jvm 1    | 2018/08/28 09:16:55 | Java Runtime: Oracle Corporation 1.8.0_171 D:\Program Files\Java\jre1.8
INFO   | jvm 1    | 2018/08/28 09:16:55 |   Heap sizes: current=125952k  free=115915k  max=932352k
INFO   | jvm 1    | 2018/08/28 09:16:55 |     JVM args: -Dactivemq.home=../.. -Dactivemq.base=../.. -Djavax.net.ssl.keyStorePassword=password -Djavax.net.ssl.trustStorePassword=password -Djavax.net.ssl.keyStore=../../conf/broker.ks -Djavax.net.ssl.trustStore=../../conf/broker.ts -Dcom.sun.management.jmxremote -Dorg.apache.activemq.UseDedicatedTaskRunner=true -Djava.util.logging.config.file=logging.properties -Dactivemq.conf=../../conf -Dactivemq.data=../../data -Djava.security.auth.login.config=../../conf/login.config -Xmx1024m -Djava.library.path=../../bin/win64 -Dwrapper.key=c_JmOfLJ_0IuPl9a -Dwrapper.port=32000 -Dwrapper.jvm.port.min=31000 -Dwrapper.jvm.port.max=31999 -Dwrapper.pid=7344 -Dwrapper.version=3.2.3 -Dwrapper.native_library=wrapper -Dwrapper.cpu.timeout=10 -Dwrapper.jvmid=1
INFO   | jvm 1    | 2018/08/28 09:16:55 | Extensions classpath:
INFO   | jvm 1    | 2018/08/28 09:16:55 |   [..\..\lib,..\..\lib\camel,..\..\lib\optional,..\..\lib\web,..\..\lib\extra]
INFO   | jvm 1    | 2018/08/28 09:16:55 | ACTIVEMQ_HOME: ..\..
INFO   | jvm 1    | 2018/08/28 09:16:55 | ACTIVEMQ_BASE: ..\..
INFO   | jvm 1    | 2018/08/28 09:16:55 | ACTIVEMQ_CONF: ..\..\conf
INFO   | jvm 1    | 2018/08/28 09:16:55 | ACTIVEMQ_DATA: ..\..\data
INFO   | jvm 1    | 2018/08/28 09:16:55 | Loading message broker from: xbean:activemq.xml
INFO   | jvm 1    | 2018/08/28 09:16:55 |  INFO | Refreshing org.apache.activemq.xbean.XBeanBrokerFactory$1@7b36eab3: startup date [Tue Aug 28 09:16:55 CST 2018]; root of context hierarchy
INFO   | jvm 1    | 2018/08/28 09:16:56 |  INFO | Using Persistence Adapter: KahaDBPersistenceAdapter[D:\apache-activemq-5.15.0\bin\win64\..\..\data\kahadb]
INFO   | jvm 1    | 2018/08/28 09:16:56 |  INFO | KahaDB is version 6
INFO   | jvm 1    | 2018/08/28 09:16:56 |  INFO | Recovering from the journal @1:1598343
INFO   | jvm 1    | 2018/08/28 09:16:56 |  INFO | Recovery replayed 317 operations from the journal in 0.027 seconds.
INFO   | jvm 1    | 2018/08/28 09:16:56 |  INFO | PListStore:[D:\apache-activemq-5.15.0\bin\win64\..\..\data\localhost\tmp_storage] started
INFO   | jvm 1    | 2018/08/28 09:16:56 |  INFO | Apache ActiveMQ 5.15.0 (localhost, ID:DESKTOP-RM27V4P-50403-1535419016495-0:1) is starting
INFO   | jvm 1    | 2018/08/28 09:16:56 |  INFO | Listening for connections at: tcp://DESKTOP-RM27V4P:61616?maximumConnections=1000&wireFormat.maxFrameSize=104857600
INFO   | jvm 1    | 2018/08/28 09:16:56 |  INFO | Connector openwire started
INFO   | jvm 1    | 2018/08/28 09:16:56 |  INFO | Listening for connections at: amqp://DESKTOP-RM27V4P:5672?maximumConnections=1000&wireFormat.maxFrameSize=104857600
INFO   | jvm 1    | 2018/08/28 09:16:56 |  INFO | Connector amqp started
INFO   | jvm 1    | 2018/08/28 09:16:56 |  INFO | Listening for connections at: stomp://DESKTOP-RM27V4P:61613?maximumConnections=1000&wireFormat.maxFrameSize=104857600
INFO   | jvm 1    | 2018/08/28 09:16:56 |  INFO | Connector stomp started
INFO   | jvm 1    | 2018/08/28 09:16:56 |  INFO | Listening for connections at: mqtt://DESKTOP-RM27V4P:1883?maximumConnections=1000&wireFormat.maxFrameSize=104857600
INFO   | jvm 1    | 2018/08/28 09:16:56 |  INFO | Connector mqtt started
INFO   | jvm 1    | 2018/08/28 09:16:56 |  WARN | ServletContext@o.e.j.s.ServletContextHandler@6e9ff894{/,null,STARTING} has uncovered http methods for path: /
INFO   | jvm 1    | 2018/08/28 09:16:56 |  INFO | Listening for connections at ws://DESKTOP-RM27V4P:61614?maximumConnections=1000&wireFormat.maxFrameSize=104857600
INFO   | jvm 1    | 2018/08/28 09:16:57 |  INFO | Connector ws started
INFO   | jvm 1    | 2018/08/28 09:16:57 |  INFO | Apache ActiveMQ 5.15.0 (localhost, ID:DESKTOP-RM27V4P-50403-1535419016495-0:1) started
INFO   | jvm 1    | 2018/08/28 09:16:57 |  INFO | For help or more information please see: http://activemq.apache.org
INFO   | jvm 1    | 2018/08/28 09:16:57 |  INFO | No Spring WebApplicationInitializer types detected on classpath
INFO   | jvm 1    | 2018/08/28 09:16:57 |  INFO | ActiveMQ WebConsole available at http://0.0.0.0:8161/
INFO   | jvm 1    | 2018/08/28 09:16:57 |  INFO | ActiveMQ Jolokia REST API available at http://0.0.0.0:8161/api/jolokia/
INFO   | jvm 1    | 2018/08/28 09:16:57 |  INFO | Initializing Spring FrameworkServlet 'dispatcher'
INFO   | jvm 1    | 2018/08/28 09:16:57 |  INFO | No Spring WebApplicationInitializer types detected on classpath
INFO   | jvm 1    | 2018/08/28 09:16:58 |  INFO | jolokia-agent: Using policy access restrictor classpath:/jolokia-access.xml
STATUS | wrapper  | 2018/08/28 16:11:56 | --> Wrapper Started as Console
STATUS | wrapper  | 2018/08/28 16:11:57 | Launching a JVM...
INFO   | jvm 1    | 2018/08/28 16:11:57 | Wrapper (Version 3.2.3) http://wrapper.tanukisoftware.org
INFO   | jvm 1    | 2018/08/28 16:11:57 |   Copyright 1999-2006 Tanuki Software, Inc.  All Rights Reserved.
INFO   | jvm 1    | 2018/08/28 16:11:57 | 
INFO   | jvm 1    | 2018/08/28 16:11:57 | Java Runtime: Oracle Corporation 1.8.0_171 D:\Program Files\Java\jre1.8
INFO   | jvm 1    | 2018/08/28 16:11:57 |   Heap sizes: current=125952k  free=115882k  max=932352k
INFO   | jvm 1    | 2018/08/28 16:11:57 |     JVM args: -Dactivemq.home=../.. -Dactivemq.base=../.. -Djavax.net.ssl.keyStorePassword=password -Djavax.net.ssl.trustStorePassword=password -Djavax.net.ssl.keyStore=../../conf/broker.ks -Djavax.net.ssl.trustStore=../../conf/broker.ts -Dcom.sun.management.jmxremote -Dorg.apache.activemq.UseDedicatedTaskRunner=true -Djava.util.logging.config.file=logging.properties -Dactivemq.conf=../../conf -Dactivemq.data=../../data -Djava.security.auth.login.config=../../conf/login.config -Xmx1024m -Djava.library.path=../../bin/win64 -Dwrapper.key=8l5lIVaUpNpazbUi -Dwrapper.port=32001 -Dwrapper.jvm.port.min=31000 -Dwrapper.jvm.port.max=31999 -Dwrapper.pid=15696 -Dwrapper.version=3.2.3 -Dwrapper.native_library=wrapper -Dwrapper.cpu.timeout=10 -Dwrapper.jvmid=1
INFO   | jvm 1    | 2018/08/28 16:11:57 | Extensions classpath:
INFO   | jvm 1    | 2018/08/28 16:11:57 |   [..\..\lib,..\..\lib\camel,..\..\lib\optional,..\..\lib\web,..\..\lib\extra]
INFO   | jvm 1    | 2018/08/28 16:11:57 | ACTIVEMQ_HOME: ..\..
INFO   | jvm 1    | 2018/08/28 16:11:57 | ACTIVEMQ_BASE: ..\..
INFO   | jvm 1    | 2018/08/28 16:11:57 | ACTIVEMQ_CONF: ..\..\conf
INFO   | jvm 1    | 2018/08/28 16:11:57 | ACTIVEMQ_DATA: ..\..\data
INFO   | jvm 1    | 2018/08/28 16:11:57 | Loading message broker from: xbean:activemq.xml
INFO   | jvm 1    | 2018/08/28 16:11:58 |  INFO | Refreshing org.apache.activemq.xbean.XBeanBrokerFactory$1@7b36eab3: startup date [Tue Aug 28 16:11:57 CST 2018]; root of context hierarchy
INFO   | jvm 1    | 2018/08/28 16:11:58 |  INFO | Using Persistence Adapter: KahaDBPersistenceAdapter[D:\activemq\kahadb]
INFO   | jvm 1    | 2018/08/28 16:11:59 |  INFO | PListStore:[D:\activemq\activemqB\bin\win64\..\..\data\localhost\tmp_storage] started
INFO   | jvm 1    | 2018/08/28 16:11:59 |  INFO | Apache ActiveMQ 5.15.0 (localhost, ID:DESKTOP-RM27V4P-61484-1535443919408-0:1) is starting
INFO   | jvm 1    | 2018/08/28 16:11:59 |  INFO | Listening for connections at: tcp://DESKTOP-RM27V4P:61617?maximumConnections=1000&wireFormat.maxFrameSize=104857600
INFO   | jvm 1    | 2018/08/28 16:11:59 |  INFO | Connector openwire started
INFO   | jvm 1    | 2018/08/28 16:11:59 |  INFO | Establishing network connection from vm://localhost to tcp://127.0.0.1:61616
INFO   | jvm 1    | 2018/08/28 16:11:59 |  INFO | Connector vm://localhost started
INFO   | jvm 1    | 2018/08/28 16:11:59 |  INFO | Network Connector DiscoveryNetworkConnector:network_a:BrokerService[localhost] started
INFO   | jvm 1    | 2018/08/28 16:11:59 |  INFO | Apache ActiveMQ 5.15.0 (localhost, ID:DESKTOP-RM27V4P-61484-1535443919408-0:1) started
INFO   | jvm 1    | 2018/08/28 16:11:59 |  INFO | For help or more information please see: http://activemq.apache.org
INFO   | jvm 1    | 2018/08/28 16:11:59 |  INFO | Network connection between vm://localhost#0 and tcp:///127.0.0.1:61616@61485 (localhost) has been established.
INFO   | jvm 1    | 2018/08/28 16:12:00 |  INFO | No Spring WebApplicationInitializer types detected on classpath
INFO   | jvm 1    | 2018/08/28 16:12:00 |  INFO | ActiveMQ WebConsole available at http://0.0.0.0:8162/
INFO   | jvm 1    | 2018/08/28 16:12:00 |  INFO | ActiveMQ Jolokia REST API available at http://0.0.0.0:8162/api/jolokia/
INFO   | jvm 1    | 2018/08/28 16:12:00 |  INFO | Initializing Spring FrameworkServlet 'dispatcher'
INFO   | jvm 1    | 2018/08/28 16:12:00 |  INFO | No Spring WebApplicationInitializer types detected on classpath
INFO   | jvm 1    | 2018/08/28 16:12:00 |  INFO | jolokia-agent: Using policy access restrictor classpath:/jolokia-access.xml
STATUS | wrapper  | 2018/08/28 16:17:53 | CTRL-C trapped.  Shutting down.
STATUS | wrapper  | 2018/08/28 16:17:53 | CTRL-C trapped.  Forcing immediate shutdown.
ERROR  | wrapper  | 2018/08/28 16:17:53 | JVM did not exit on request, terminated
STATUS | wrapper  | 2018/08/28 16:17:53 | <-- Wrapper Stopped
STATUS | wrapper  | 2018/08/28 16:18:42 | --> Wrapper Started as Console
STATUS | wrapper  | 2018/08/28 16:18:42 | Launching a JVM...
INFO   | jvm 1    | 2018/08/28 16:18:42 | Wrapper (Version 3.2.3) http://wrapper.tanukisoftware.org
INFO   | jvm 1    | 2018/08/28 16:18:42 |   Copyright 1999-2006 Tanuki Software, Inc.  All Rights Reserved.
INFO   | jvm 1    | 2018/08/28 16:18:42 | 
INFO   | jvm 1    | 2018/08/28 16:18:43 | Java Runtime: Oracle Corporation 1.8.0_171 D:\Program Files\Java\jre1.8
INFO   | jvm 1    | 2018/08/28 16:18:43 |   Heap sizes: current=125952k  free=115886k  max=932352k
INFO   | jvm 1    | 2018/08/28 16:18:43 |     JVM args: -Dactivemq.home=../.. -Dactivemq.base=../.. -Djavax.net.ssl.keyStorePassword=password -Djavax.net.ssl.trustStorePassword=password -Djavax.net.ssl.keyStore=../../conf/broker.ks -Djavax.net.ssl.trustStore=../../conf/broker.ts -Dcom.sun.management.jmxremote -Dorg.apache.activemq.UseDedicatedTaskRunner=true -Djava.util.logging.config.file=logging.properties -Dactivemq.conf=../../conf -Dactivemq.data=../../data -Djava.security.auth.login.config=../../conf/login.config -Xmx1024m -Djava.library.path=../../bin/win64 -Dwrapper.key=B3J5NfKBTtNO48Zy -Dwrapper.port=32001 -Dwrapper.jvm.port.min=31000 -Dwrapper.jvm.port.max=31999 -Dwrapper.pid=13128 -Dwrapper.version=3.2.3 -Dwrapper.native_library=wrapper -Dwrapper.cpu.timeout=10 -Dwrapper.jvmid=1
INFO   | jvm 1    | 2018/08/28 16:18:43 | Extensions classpath:
INFO   | jvm 1    | 2018/08/28 16:18:43 |   [..\..\lib,..\..\lib\camel,..\..\lib\optional,..\..\lib\web,..\..\lib\extra]
INFO   | jvm 1    | 2018/08/28 16:18:43 | ACTIVEMQ_HOME: ..\..
INFO   | jvm 1    | 2018/08/28 16:18:43 | ACTIVEMQ_BASE: ..\..
INFO   | jvm 1    | 2018/08/28 16:18:43 | ACTIVEMQ_CONF: ..\..\conf
INFO   | jvm 1    | 2018/08/28 16:18:43 | ACTIVEMQ_DATA: ..\..\data
INFO   | jvm 1    | 2018/08/28 16:18:43 | Loading message broker from: xbean:activemq.xml
INFO   | jvm 1    | 2018/08/28 16:18:43 |  INFO | Refreshing org.apache.activemq.xbean.XBeanBrokerFactory$1@7e55ee2e: startup date [Tue Aug 28 16:18:43 CST 2018]; root of context hierarchy
INFO   | jvm 1    | 2018/08/28 16:18:43 |  INFO | Using Persistence Adapter: KahaDBPersistenceAdapter[D:\activemq\kahadb]
INFO   | jvm 1    | 2018/08/28 16:18:43 |  INFO | Database D:\activemq\kahadb\lock is locked by another server. This broker is now in slave mode waiting a lock to be acquired
INFO   | jvm 1    | 2018/08/28 16:27:14 |  INFO | KahaDB is version 6
INFO   | jvm 1    | 2018/08/28 16:27:14 |  INFO | Recovering from the journal @1:55595
INFO   | jvm 1    | 2018/08/28 16:27:14 |  INFO | Recovery replayed 37 operations from the journal in 0.016 seconds.
INFO   | jvm 1    | 2018/08/28 16:27:14 |  INFO | PListStore:[D:\activemq\activemqB\bin\win64\..\..\data\localhost\tmp_storage] started
INFO   | jvm 1    | 2018/08/28 16:27:14 |  INFO | Apache ActiveMQ 5.15.0 (localhost, ID:DESKTOP-RM27V4P-61865-1535444834190-0:1) is starting
INFO   | jvm 1    | 2018/08/28 16:27:14 |  INFO | Listening for connections at: tcp://DESKTOP-RM27V4P:61617?maximumConnections=1000&wireFormat.maxFrameSize=104857600
INFO   | jvm 1    | 2018/08/28 16:27:14 |  INFO | Connector openwire started
INFO   | jvm 1    | 2018/08/28 16:27:14 |  INFO | Establishing network connection from vm://localhost to tcp://127.0.0.1:61616
INFO   | jvm 1    | 2018/08/28 16:27:14 |  INFO | Connector vm://localhost started
INFO   | jvm 1    | 2018/08/28 16:27:14 |  INFO | Network Connector DiscoveryNetworkConnector:network_a:BrokerService[localhost] started
INFO   | jvm 1    | 2018/08/28 16:27:14 |  INFO | Apache ActiveMQ 5.15.0 (localhost, ID:DESKTOP-RM27V4P-61865-1535444834190-0:1) started
INFO   | jvm 1    | 2018/08/28 16:27:14 |  INFO | For help or more information please see: http://activemq.apache.org
INFO   | jvm 1    | 2018/08/28 16:27:14 |  INFO | Network connection between vm://localhost#0 and tcp:///127.0.0.1:61616@61866 (localhost) has been established.
INFO   | jvm 1    | 2018/08/28 16:27:15 |  INFO | No Spring WebApplicationInitializer types detected on classpath
INFO   | jvm 1    | 2018/08/28 16:27:15 |  INFO | ActiveMQ WebConsole available at http://0.0.0.0:8162/
INFO   | jvm 1    | 2018/08/28 16:27:15 |  INFO | ActiveMQ Jolokia REST API available at http://0.0.0.0:8162/api/jolokia/
INFO   | jvm 1    | 2018/08/28 16:27:15 |  INFO | Initializing Spring FrameworkServlet 'dispatcher'
INFO   | jvm 1    | 2018/08/28 16:27:15 |  INFO | No Spring WebApplicationInitializer types detected on classpath
INFO   | jvm 1    | 2018/08/28 16:27:15 |  INFO | jolokia-agent: Using policy access restrictor classpath:/jolokia-access.xml
INFO   | jvm 1    | 2018/08/28 16:47:13 |  WARN | Transport Connection to: tcp://127.0.0.1:61923 failed: java.net.SocketException: Connection reset
INFO   | jvm 1    | 2018/08/28 17:53:58 |  WARN | Network connection between vm://localhost#0 and tcp:///127.0.0.1:61616@61866 shutdown due to a remote error: {}
INFO   | jvm 1    | 2018/08/28 17:53:58 | java.net.SocketException: Connection reset
INFO   | jvm 1    | 2018/08/28 17:53:58 | 	at java.net.SocketInputStream.read(Unknown Source)[:1.8.0_171]
INFO   | jvm 1    | 2018/08/28 17:53:58 | 	at java.net.SocketInputStream.read(Unknown Source)[:1.8.0_171]
INFO   | jvm 1    | 2018/08/28 17:53:58 | 	at org.apache.activemq.transport.tcp.TcpBufferedInputStream.fill(TcpBufferedInputStream.java:50)[activemq-client-5.15.0.jar:5.15.0]
INFO   | jvm 1    | 2018/08/28 17:53:58 | 	at org.apache.activemq.transport.tcp.TcpTransport$2.fill(TcpTransport.java:634)[activemq-client-5.15.0.jar:5.15.0]
INFO   | jvm 1    | 2018/08/28 17:53:58 | 	at org.apache.activemq.transport.tcp.TcpBufferedInputStream.read(TcpBufferedInputStream.java:59)[activemq-client-5.15.0.jar:5.15.0]
INFO   | jvm 1    | 2018/08/28 17:53:58 | 	at org.apache.activemq.transport.tcp.TcpTransport$2.read(TcpTransport.java:619)[activemq-client-5.15.0.jar:5.15.0]
INFO   | jvm 1    | 2018/08/28 17:53:58 | 	at java.io.DataInputStream.readInt(Unknown Source)[:1.8.0_171]
INFO   | jvm 1    | 2018/08/28 17:53:58 | 	at org.apache.activemq.openwire.OpenWireFormat.unmarshal(OpenWireFormat.java:268)[activemq-client-5.15.0.jar:5.15.0]
INFO   | jvm 1    | 2018/08/28 17:53:58 | 	at org.apache.activemq.transport.tcp.TcpTransport.readCommand(TcpTransport.java:240)[activemq-client-5.15.0.jar:5.15.0]
INFO   | jvm 1    | 2018/08/28 17:53:58 | 	at org.apache.activemq.transport.tcp.TcpTransport.doRun(TcpTransport.java:232)[activemq-client-5.15.0.jar:5.15.0]
INFO   | jvm 1    | 2018/08/28 17:53:58 | 	at org.apache.activemq.transport.tcp.TcpTransport.run(TcpTransport.java:215)[activemq-client-5.15.0.jar:5.15.0]
INFO   | jvm 1    | 2018/08/28 17:53:58 | 	at java.lang.Thread.run(Unknown Source)[:1.8.0_171]
INFO   | jvm 1    | 2018/08/28 17:53:58 |  WARN | Transport Connection to: tcp://127.0.0.1:61872 failed: java.net.SocketException: Connection reset
INFO   | jvm 1    | 2018/08/28 17:53:58 |  INFO | Connector vm://localhost stopped
INFO   | jvm 1    | 2018/08/28 17:53:58 |  INFO | localhost bridge to localhost stopped
